e:\graphics\pacmanv3\pacmanv2\pacman\pacman\316129295_318774932\graphics\graphics\debug\vc143.pdb
e:\graphics\pacmanv3\pacmanv2\pacman\pacman\316129295_318774932\graphics\graphics\debug\vc143.idb
e:\graphics\pacmanv3\pacmanv2\pacman\pacman\316129295_318774932\graphics\graphics\debug\state.obj
e:\graphics\pacmanv3\pacmanv2\pacman\pacman\316129295_318774932\graphics\graphics\debug\searchghost.obj
e:\graphics\pacmanv3\pacmanv2\pacman\pacman\316129295_318774932\graphics\graphics\debug\pacmanlose.obj
e:\graphics\pacmanv3\pacmanv2\pacman\pacman\316129295_318774932\graphics\graphics\debug\pacman.obj
e:\graphics\pacmanv3\pacmanv2\pacman\pacman\316129295_318774932\graphics\graphics\debug\movepacman.obj
e:\graphics\pacmanv3\pacmanv2\pacman\pacman\316129295_318774932\graphics\graphics\debug\moveghost.obj
e:\graphics\pacmanv3\pacmanv2\pacman\pacman\316129295_318774932\graphics\graphics\debug\main.obj
e:\graphics\pacmanv3\pacmanv2\pacman\pacman\316129295_318774932\graphics\graphics\debug\ghostwin.obj
e:\graphics\pacmanv3\pacmanv2\pacman\pacman\316129295_318774932\graphics\graphics\debug\ghoststate.obj
e:\graphics\pacmanv3\pacmanv2\pacman\pacman\316129295_318774932\graphics\graphics\debug\ghostsattack.obj
e:\graphics\pacmanv3\pacmanv2\pacman\pacman\316129295_318774932\graphics\graphics\debug\ghostlose.obj
e:\graphics\pacmanv3\pacmanv2\pacman\pacman\316129295_318774932\graphics\graphics\debug\ghosthold.obj
e:\graphics\pacmanv3\pacmanv2\pacman\pacman\316129295_318774932\graphics\graphics\debug\ghost.obj
e:\graphics\pacmanv3\pacmanv2\pacman\pacman\316129295_318774932\graphics\graphics\debug\functions.obj
e:\graphics\pacmanv3\pacmanv2\pacman\pacman\316129295_318774932\graphics\graphics\debug\fightghost.obj
e:\graphics\pacmanv3\pacmanv2\pacman\pacman\316129295_318774932\graphics\graphics\debug\cell.obj
e:\graphics\pacmanv3\pacmanv2\pacman\pacman\316129295_318774932\graphics\debug\graphics.exe
e:\graphics\pacmanv3\pacmanv2\pacman\pacman\316129295_318774932\graphics\graphics\debug\graphics.ilk
e:\graphics\pacmanv3\pacmanv2\pacman\pacman\316129295_318774932\graphics\debug\graphics.pdb
e:\graphics\pacmanv3\pacmanv2\pacman\pacman\316129295_318774932\graphics\graphics\debug\graphics.tlog\cl.command.1.tlog
e:\graphics\pacmanv3\pacmanv2\pacman\pacman\316129295_318774932\graphics\graphics\debug\graphics.tlog\cl.read.1.tlog
e:\graphics\pacmanv3\pacmanv2\pacman\pacman\316129295_318774932\graphics\graphics\debug\graphics.tlog\cl.write.1.tlog
e:\graphics\pacmanv3\pacmanv2\pacman\pacman\316129295_318774932\graphics\graphics\debug\graphics.tlog\link.command.1.tlog
e:\graphics\pacmanv3\pacmanv2\pacman\pacman\316129295_318774932\graphics\graphics\debug\graphics.tlog\link.read.1.tlog
e:\graphics\pacmanv3\pacmanv2\pacman\pacman\316129295_318774932\graphics\graphics\debug\graphics.tlog\link.write.1.tlog
